TN:
SF:src/ForexExchangeRate.ts
FN:10,(anonymous_0)
FN:27,ForexExchangeRate
FN:50,(anonymous_2)
FN:58,(anonymous_3)
FN:67,(anonymous_4)
FN:75,(anonymous_5)
FN:86,(anonymous_6)
FN:97,(anonymous_7)
FN:102,(anonymous_8)
FN:115,(anonymous_9)
FNF:10
FNH:10
FNDA:1,(anonymous_0)
FNDA:10,ForexExchangeRate
FNDA:2,(anonymous_2)
FNDA:2,(anonymous_3)
FNDA:2,(anonymous_4)
FNDA:2,(anonymous_5)
FNDA:6,(anonymous_6)
FNDA:5,(anonymous_7)
FNDA:1,(anonymous_8)
FNDA:6,(anonymous_9)
DA:2,1
DA:5,1
DA:10,1
DA:29,10
DA:32,10
DA:42,10
DA:50,1
DA:51,2
DA:52,2
DA:58,1
DA:59,2
DA:60,2
DA:67,1
DA:68,2
DA:69,2
DA:75,1
DA:76,2
DA:78,2
DA:79,2
DA:80,2
DA:86,1
DA:90,6
DA:97,6
DA:102,6
DA:103,1
DA:107,6
DA:115,1
DA:116,6
DA:119,1
DA:121,1
LF:30
LH:30
BRF:0
BRH:0
end_of_record
TN:
SF:src/index.ts
FN:12,(anonymous_0)
FN:11,(anonymous_1)
FNF:2
FNH:2
FNDA:14,(anonymous_0)
FNDA:5,(anonymous_1)
DA:3,1
DA:4,1
DA:11,6
DA:12,15
LF:4
LH:4
BRF:0
BRH:0
end_of_record
TN:
SF:src/enums/Currencies.ts
FN:4,(anonymous_0)
FNF:1
FNH:1
FNDA:1,(anonymous_0)
DA:4,1
DA:8,1
DA:13,1
DA:18,1
DA:23,1
DA:28,1
DA:33,1
DA:38,1
DA:43,1
DA:48,1
DA:53,1
DA:58,1
DA:63,1
DA:68,1
DA:73,1
DA:78,1
DA:83,1
DA:88,1
DA:93,1
DA:98,1
DA:103,1
DA:108,1
DA:113,1
DA:118,1
DA:123,1
DA:128,1
DA:133,1
DA:138,1
DA:143,1
DA:148,1
DA:153,1
DA:158,1
DA:163,1
DA:168,1
DA:171,1
LF:35
LH:35
BRDA:4,0,0,1
BRDA:4,0,1,1
BRF:2
BRH:2
end_of_record
